<?xml version="1.0" ?>
<coverage branch-rate="0.5" branches-covered="1" branches-valid="2" complexity="0" line-rate="0.9091" lines-covered="10" lines-valid="11" timestamp="1637289385126" version="5.5">
	<!-- Generated by coverage.py: https://coverage.readthedocs.io -->
	<!-- Based on https://raw.githubusercontent.com/cobertura/web/master/htdocs/xml/coverage-04.dtd -->
	<sources>
		<source>/Users/pchiang/Documents/Pract/wendy-sample-size/ss_test</source>
	</sources>
	<packages>
		<package branch-rate="0.5" complexity="0" line-rate="0.9091" name=".">
			<classes>
				<class branch-rate="1" complexity="0" filename="__init__.py" line-rate="1" name="__init__.py">
					<methods/>
					<lines/>
				</class>
				<class branch-rate="0.5" complexity="0" filename="sample_size.py" line-rate="0.9091" name="sample_size.py">
					<methods/>
					<lines>
						<line hits="1" number="1"/>
						<line hits="1" number="3"/>
						<line hits="1" number="4"/>
						<line hits="1" number="7"/>
						<line hits="1" number="8"/>
						<line hits="1" number="11"/>
						<line hits="1" number="12"/>
						<line hits="1" number="13"/>
						<line branch="true" condition-coverage="50% (1/2)" hits="1" missing-branches="15" number="14"/>
						<line hits="0" number="15"/>
						<line hits="1" number="16"/>
					</lines>
				</class>
			</classes>
		</package>
	</packages>
</coverage>
